==3230== Memcheck, a memory error detector
==3230== Copyright (C) 2002-2022, and GNU GPL'd, by Julian Seward et al.
==3230== Using Valgrind-3.22.0.GIT-lbmacos and LibVEX; rerun with -h for copyright info
==3230== Command: ./cub3d maps/default.cub
==3230== Parent PID: 71266
==3230== 
--3230-- run: /usr/bin/dsymutil "./cub3d"
--3230-- UNKNOWN mach_msg unhandled MACH_SEND_TRAILER option
--3230-- UNKNOWN mach_msg unhandled MACH_SEND_TRAILER option (repeated 2 times)
UNKNOWN workq_ops option 1024
--3230-- UNKNOWN mach_msg unhandled MACH_SEND_TRAILER option (repeated 4 times)
--3230-- UNKNOWN mach_msg unhandled MACH_SEND_TRAILER option (repeated 8 times)
==3230== Thread 2:
==3230== Invalid read of size 4
==3230==    at 0x106264C10: _pthread_wqthread_setup (in /usr/lib/system/libsystem_pthread.dylib)
==3230==    by 0x106264942: _pthread_wqthread (in /usr/lib/system/libsystem_pthread.dylib)
==3230==    by 0x106263B76: start_wqthread (in /usr/lib/system/libsystem_pthread.dylib)
==3230==  Address 0x18 is not stack'd, malloc'd or (recently) free'd
==3230== 
==3230== 
==3230== Process terminating with default action of signal 11 (SIGSEGV)
==3230==  Access not within mapped region at address 0x18
==3230==    at 0x106264C10: _pthread_wqthread_setup (in /usr/lib/system/libsystem_pthread.dylib)
==3230==    by 0x106264942: _pthread_wqthread (in /usr/lib/system/libsystem_pthread.dylib)
==3230==    by 0x106263B76: start_wqthread (in /usr/lib/system/libsystem_pthread.dylib)
==3230==  If you believe this happened as a result of a stack
==3230==  overflow in your program's main thread (unlikely but
==3230==  possible), you can try to increase the size of the
==3230==  main thread stack using the --main-stacksize= flag.
==3230==  The main thread stack size used in this run was 8388608.
==3230== 
==3230== HEAP SUMMARY:
==3230==     in use at exit: 1,450,429 bytes in 1,204 blocks
==3230==   total heap usage: 1,919 allocs, 715 frees, 2,764,728 bytes allocated
==3230== 
==3230== LEAK SUMMARY:
==3230==    definitely lost: 0 bytes in 0 blocks
==3230==    indirectly lost: 0 bytes in 0 blocks
==3230==      possibly lost: 7,488 bytes in 155 blocks
==3230==    still reachable: 62,085 bytes in 541 blocks
==3230==                       of which reachable via heuristic:
==3230==                         newarray           : 56 bytes in 1 blocks
==3230==         suppressed: 1,380,856 bytes in 508 blocks
==3230== Rerun with --leak-check=full to see details of leaked memory
==3230== 
==3230== For lists of detected and suppressed errors, rerun with: -s
==3230== ERROR SUMMARY: 1 errors from 1 contexts (suppressed: 53 from 4)
